2025-05-13 20:53:14,506 - csv_parser - INFO - csv_parser.py:43 - Parsing SWIFT code data from: /app/uploads/17b3f105-fc41-405f-8f09-768c69c0bb30_SWIFT_CODES.csv
2025-05-13 20:53:14,526 - csv_parser - INFO - csv_parser.py:55 - Successfully read CSV with 1061 rows
2025-05-13 20:53:14,526 - csv_parser - INFO - csv_parser.py:66 - CSV columns: ['COUNTRY ISO2 CODE', 'SWIFT CODE', 'CODE TYPE', 'NAME', 'ADDRESS', 'TOWN NAME', 'COUNTRY NAME', 'TIME ZONE']
2025-05-13 20:53:14,530 - csv_parser - INFO - csv_parser.py:80 - Validating SWIFT codes...
2025-05-13 20:53:14,534 - csv_parser - INFO - csv_parser.py:88 - Checking for duplicate SWIFT codes...
2025-05-13 20:53:14,535 - csv_parser - INFO - csv_parser.py:96 - Cleaning and standardizing data...
2025-05-13 20:53:14,560 - csv_parser - INFO - csv_parser.py:124 - Successfully parsed 1061 SWIFT codes
2025-05-13 20:59:20,635 - csv_parser - INFO - csv_parser.py:43 - Parsing SWIFT code data from: /app/uploads/68488fd8-787c-49b6-9a5c-1839352bab71_SWIFT_CODES.csv
2025-05-13 20:59:20,653 - csv_parser - INFO - csv_parser.py:55 - Successfully read CSV with 1061 rows
2025-05-13 20:59:20,654 - csv_parser - INFO - csv_parser.py:66 - CSV columns: ['COUNTRY ISO2 CODE', 'SWIFT CODE', 'CODE TYPE', 'NAME', 'ADDRESS', 'TOWN NAME', 'COUNTRY NAME', 'TIME ZONE']
2025-05-13 20:59:20,656 - csv_parser - INFO - csv_parser.py:80 - Validating SWIFT codes...
2025-05-13 20:59:20,660 - csv_parser - INFO - csv_parser.py:88 - Checking for duplicate SWIFT codes...
2025-05-13 20:59:20,662 - csv_parser - INFO - csv_parser.py:96 - Cleaning and standardizing data...
2025-05-13 20:59:20,677 - csv_parser - INFO - csv_parser.py:124 - Successfully parsed 1061 SWIFT codes
2025-05-13 21:21:23,663 - csv_parser - INFO - csv_parser.py:43 - Parsing SWIFT code data from: /app/uploads/2109ede4-4e12-4f79-ad58-430e7b45c3d7_SWIFT_CODES.csv
2025-05-13 21:21:23,794 - csv_parser - INFO - csv_parser.py:55 - Successfully read CSV with 1061 rows
2025-05-13 21:21:23,795 - csv_parser - INFO - csv_parser.py:66 - CSV columns: ['COUNTRY ISO2 CODE', 'SWIFT CODE', 'CODE TYPE', 'NAME', 'ADDRESS', 'TOWN NAME', 'COUNTRY NAME', 'TIME ZONE']
2025-05-13 21:21:23,799 - csv_parser - INFO - csv_parser.py:80 - Validating SWIFT codes...
2025-05-13 21:21:23,803 - csv_parser - INFO - csv_parser.py:88 - Checking for duplicate SWIFT codes...
2025-05-13 21:21:23,804 - csv_parser - INFO - csv_parser.py:96 - Cleaning and standardizing data...
2025-05-13 21:21:23,825 - csv_parser - INFO - csv_parser.py:124 - Successfully parsed 1061 SWIFT codes
2025-05-13 21:37:36,732 - csv_parser - INFO - csv_parser.py:43 - Parsing SWIFT code data from: /app/uploads/725770b8-b889-4c17-87da-c9091d5b8111_SWIFT_CODES.csv
2025-05-13 21:37:36,799 - csv_parser - INFO - csv_parser.py:55 - Successfully read CSV with 1061 rows
2025-05-13 21:37:36,799 - csv_parser - INFO - csv_parser.py:66 - CSV columns: ['COUNTRY ISO2 CODE', 'SWIFT CODE', 'CODE TYPE', 'NAME', 'ADDRESS', 'TOWN NAME', 'COUNTRY NAME', 'TIME ZONE']
2025-05-13 21:37:36,802 - csv_parser - INFO - csv_parser.py:80 - Validating SWIFT codes...
2025-05-13 21:37:36,812 - csv_parser - INFO - csv_parser.py:88 - Checking for duplicate SWIFT codes...
2025-05-13 21:37:36,813 - csv_parser - INFO - csv_parser.py:96 - Cleaning and standardizing data...
2025-05-13 21:37:36,849 - csv_parser - INFO - csv_parser.py:124 - Successfully parsed 1061 SWIFT codes
2025-05-14 10:48:46,265 - csv_parser - INFO - csv_parser.py:43 - Parsing SWIFT code data from: /app/uploads/ccfc42f9-0e5a-4c2e-b700-7d10b0c4496f_SWIFT_CODES.csv
2025-05-14 10:48:46,339 - csv_parser - INFO - csv_parser.py:55 - Successfully read CSV with 1061 rows
2025-05-14 10:48:46,340 - csv_parser - INFO - csv_parser.py:66 - CSV columns: ['COUNTRY ISO2 CODE', 'SWIFT CODE', 'CODE TYPE', 'NAME', 'ADDRESS', 'TOWN NAME', 'COUNTRY NAME', 'TIME ZONE']
2025-05-14 10:48:46,348 - csv_parser - INFO - csv_parser.py:80 - Validating SWIFT codes...
2025-05-14 10:48:46,355 - csv_parser - INFO - csv_parser.py:88 - Checking for duplicate SWIFT codes...
2025-05-14 10:48:46,358 - csv_parser - INFO - csv_parser.py:96 - Cleaning and standardizing data...
2025-05-14 10:48:46,384 - csv_parser - INFO - csv_parser.py:124 - Successfully parsed 1061 SWIFT codes
2025-05-14 14:19:12,525 - csv_parser - INFO - csv_parser.py:43 - Parsing SWIFT code data from: /app/uploads/6c990111-2831-44dd-84cf-2923a1742bd7_SWIFT_CODES.csv
2025-05-14 14:19:12,547 - csv_parser - INFO - csv_parser.py:55 - Successfully read CSV with 1061 rows
2025-05-14 14:19:12,547 - csv_parser - INFO - csv_parser.py:66 - CSV columns: ['COUNTRY ISO2 CODE', 'SWIFT CODE', 'CODE TYPE', 'NAME', 'ADDRESS', 'TOWN NAME', 'COUNTRY NAME', 'TIME ZONE']
2025-05-14 14:19:12,549 - csv_parser - INFO - csv_parser.py:80 - Validating SWIFT codes...
2025-05-14 14:19:12,551 - csv_parser - INFO - csv_parser.py:88 - Checking for duplicate SWIFT codes...
2025-05-14 14:19:12,552 - csv_parser - INFO - csv_parser.py:96 - Cleaning and standardizing data...
2025-05-14 14:19:12,566 - csv_parser - INFO - csv_parser.py:124 - Successfully parsed 1061 SWIFT codes
